<?xml version="1.0" encoding="UTF-8"?>
<coverage generated="1666262122338" clover="3.2.0">
  <project timestamp="1666262122338" name="All files">
    <metrics statements="17" coveredstatements="6" conditionals="4" coveredconditionals="0" methods="10" coveredmethods="3" elements="31" coveredelements="9" complexity="0" loc="17" ncloc="17" packages="3" files="10" classes="10"/>
    <package name="src">
      <metrics statements="4" coveredstatements="0" conditionals="0" coveredconditionals="0" methods="2" coveredmethods="0"/>
      <file name="App.vue" path="/Users/A108572469/Documents/GitHub/eshop-vuejs.user04/frontend/src/App.vue">
        <metrics statements="1" coveredstatements="0" conditionals="0" coveredconditionals="0" methods="1" coveredmethods="0"/>
        <line num="1" count="0" type="stmt"/>
      </file>
      <file name="main.js" path="/Users/A108572469/Documents/GitHub/eshop-vuejs.user04/frontend/src/main.js">
        <metrics statements="3" coveredstatements="0" conditionals="0" coveredconditionals="0" methods="1" coveredmethods="0"/>
        <line num="7" count="0" type="stmt"/>
        <line num="9" count="0" type="stmt"/>
        <line num="13" count="0" type="stmt"/>
      </file>
    </package>
    <package name="src.components">
      <metrics statements="4" coveredstatements="2" conditionals="0" coveredconditionals="0" methods="2" coveredmethods="1"/>
      <file name="Navigation.vue" path="/Users/A108572469/Documents/GitHub/eshop-vuejs.user04/frontend/src/components/Navigation.vue">
        <metrics statements="2" coveredstatements="2" conditionals="0" coveredconditionals="0" methods="1" coveredmethods="1"/>
        <line num="1" count="6" type="stmt"/>
        <line num="22" count="1" type="stmt"/>
      </file>
      <file name="Pagination.vue" path="/Users/A108572469/Documents/GitHub/eshop-vuejs.user04/frontend/src/components/Pagination.vue">
        <metrics statements="2" coveredstatements="0" conditionals="0" coveredconditionals="0" methods="1" coveredmethods="0"/>
        <line num="1" count="0" type="stmt"/>
        <line num="4" count="0" type="stmt"/>
      </file>
    </package>
    <package name="src.views">
      <metrics statements="9" coveredstatements="4" conditionals="4" coveredconditionals="0" methods="6" coveredmethods="2"/>
      <file name="Cart.vue" path="/Users/A108572469/Documents/GitHub/eshop-vuejs.user04/frontend/src/views/Cart.vue">
        <metrics statements="1" coveredstatements="0" conditionals="3" coveredconditionals="0" methods="1" coveredmethods="0"/>
        <line num="1" count="0" type="cond" truecount="0" falsecount="3"/>
      </file>
      <file name="HomeView.vue" path="/Users/A108572469/Documents/GitHub/eshop-vuejs.user04/frontend/src/views/HomeView.vue">
        <metrics statements="2" coveredstatements="2" conditionals="0" coveredconditionals="0" methods="1" coveredmethods="1"/>
        <line num="1" count="15" type="stmt"/>
        <line num="28" count="1" type="stmt"/>
      </file>
      <file name="NotFound.vue" path="/Users/A108572469/Documents/GitHub/eshop-vuejs.user04/frontend/src/views/NotFound.vue">
        <metrics statements="2" coveredstatements="2" conditionals="0" coveredconditionals="0" methods="1" coveredmethods="1"/>
        <line num="1" count="6" type="stmt"/>
        <line num="6" count="1" type="stmt"/>
      </file>
      <file name="ProductView.vue" path="/Users/A108572469/Documents/GitHub/eshop-vuejs.user04/frontend/src/views/ProductView.vue">
        <metrics statements="1" coveredstatements="0" conditionals="1" coveredconditionals="0" methods="1" coveredmethods="0"/>
        <line num="1" count="0" type="cond" truecount="0" falsecount="1"/>
      </file>
      <file name="Products.vue" path="/Users/A108572469/Documents/GitHub/eshop-vuejs.user04/frontend/src/views/Products.vue">
        <metrics statements="1" coveredstatements="0" conditionals="0" coveredconditionals="0" methods="1" coveredmethods="0"/>
        <line num="1" count="0" type="stmt"/>
      </file>
      <file name="ThankYou.vue" path="/Users/A108572469/Documents/GitHub/eshop-vuejs.user04/frontend/src/views/ThankYou.vue">
        <metrics statements="2" coveredstatements="0" conditionals="0" coveredconditionals="0" methods="1" coveredmethods="0"/>
        <line num="1" count="0" type="stmt"/>
        <line num="6" count="0" type="stmt"/>
      </file>
    </package>
  </project>
</coverage>
