{"/Users/A108572469/Documents/GitHub/eshop-vuejs.user04/frontend/src/App.vue": {"path":"/Users/A108572469/Documents/GitHub/eshop-vuejs.user04/frontend/src/App.vue","statementMap":{"0":{"start":{"line":1,"column":0},"end":{"line":1,"column":null}}},"fnMap":{"0":{"name":"(anonymous_0)","decl":{"start":{"line":1,"column":0},"end":{"line":1,"column":null}},"loc":{"start":{"line":1,"column":0},"end":{"line":1,"column":null}}}},"branchMap":{},"s":{"0":0},"f":{"0":0},"b":{}}
,"/Users/A108572469/Documents/GitHub/eshop-vuejs.user04/frontend/src/main.js": {"path":"/Users/A108572469/Documents/GitHub/eshop-vuejs.user04/frontend/src/main.js","statementMap":{"0":{"start":{"line":7,"column":0},"end":{"line":7,"column":32}},"1":{"start":{"line":9,"column":0},"end":{"line":14,"column":17}},"2":{"start":{"line":13,"column":15},"end":{"line":13,"column":21}}},"fnMap":{"0":{"name":"(anonymous_0)","decl":{"start":{"line":13,"column":10},"end":{"line":13,"column":11}},"loc":{"start":{"line":13,"column":15},"end":{"line":13,"column":21}},"line":13}},"branchMap":{},"s":{"0":0,"1":0,"2":0},"f":{"0":0},"b":{}}
,"/Users/A108572469/Documents/GitHub/eshop-vuejs.user04/frontend/src/components/Navigation.vue": {"path":"/Users/A108572469/Documents/GitHub/eshop-vuejs.user04/frontend/src/components/Navigation.vue","statementMap":{"0":{"start":{"line":22,"column":0},"end":{"line":29,"column":null}},"1":{"start":{"line":1,"column":0},"end":{"line":1,"column":null}}},"fnMap":{"0":{"name":"(anonymous_1)","decl":{"start":{"line":1,"column":0},"end":{"line":1,"column":null}},"loc":{"start":{"line":1,"column":0},"end":{"line":1,"column":null}}}},"branchMap":{},"s":{"0":1,"1":6},"f":{"0":1},"b":{}}
,"/Users/A108572469/Documents/GitHub/eshop-vuejs.user04/frontend/src/components/Pagination.vue": {"path":"/Users/A108572469/Documents/GitHub/eshop-vuejs.user04/frontend/src/components/Pagination.vue","statementMap":{"0":{"start":{"line":4,"column":0},"end":{"line":33,"column":null}},"1":{"start":{"line":1,"column":0},"end":{"line":1,"column":null}}},"fnMap":{"0":{"name":"(anonymous_4)","decl":{"start":{"line":1,"column":0},"end":{"line":1,"column":null}},"loc":{"start":{"line":1,"column":0},"end":{"line":1,"column":null}}}},"branchMap":{},"s":{"0":0,"1":0},"f":{"0":0},"b":{}}
,"/Users/A108572469/Documents/GitHub/eshop-vuejs.user04/frontend/src/views/Cart.vue": {"path":"/Users/A108572469/Documents/GitHub/eshop-vuejs.user04/frontend/src/views/Cart.vue","statementMap":{"0":{"start":{"line":1,"column":0},"end":{"line":1,"column":null}}},"fnMap":{"0":{"name":"(anonymous_0)","decl":{"start":{"line":1,"column":0},"end":{"line":1,"column":null}},"loc":{"start":{"line":1,"column":0},"end":{"line":1,"column":null}}}},"branchMap":{"0":{"loc":{"start":{"line":1,"column":0},"end":{"line":1,"column":null}},"type":"cond-expr","locations":[{"start":{"line":1,"column":0},"end":{"line":1,"column":null}},{"start":{"line":1,"column":0},"end":{"line":1,"column":null}}]},"1":{"loc":{"start":{"line":1,"column":0},"end":{"line":1,"column":null}},"type":"if","locations":[{"start":{"line":1,"column":0},"end":{"line":1,"column":null}}]}},"s":{"0":0},"f":{"0":0},"b":{"0":[0,0],"1":[0]}}
,"/Users/A108572469/Documents/GitHub/eshop-vuejs.user04/frontend/src/views/HomeView.vue": {"path":"/Users/A108572469/Documents/GitHub/eshop-vuejs.user04/frontend/src/views/HomeView.vue","statementMap":{"0":{"start":{"line":28,"column":0},"end":{"line":39,"column":null}},"1":{"start":{"line":1,"column":0},"end":{"line":1,"column":null}}},"fnMap":{"0":{"name":"(anonymous_1)","decl":{"start":{"line":1,"column":0},"end":{"line":1,"column":null}},"loc":{"start":{"line":1,"column":0},"end":{"line":1,"column":null}}}},"branchMap":{},"s":{"0":1,"1":15},"f":{"0":8},"b":{}}
,"/Users/A108572469/Documents/GitHub/eshop-vuejs.user04/frontend/src/views/NotFound.vue": {"path":"/Users/A108572469/Documents/GitHub/eshop-vuejs.user04/frontend/src/views/NotFound.vue","statementMap":{"0":{"start":{"line":6,"column":0},"end":{"line":10,"column":null}},"1":{"start":{"line":1,"column":0},"end":{"line":1,"column":null}}},"fnMap":{"0":{"name":"(anonymous_0)","decl":{"start":{"line":1,"column":0},"end":{"line":1,"column":null}},"loc":{"start":{"line":1,"column":0},"end":{"line":1,"column":null}}}},"branchMap":{},"s":{"0":1,"1":6},"f":{"0":1},"b":{}}
,"/Users/A108572469/Documents/GitHub/eshop-vuejs.user04/frontend/src/views/ProductView.vue": {"path":"/Users/A108572469/Documents/GitHub/eshop-vuejs.user04/frontend/src/views/ProductView.vue","statementMap":{"0":{"start":{"line":1,"column":0},"end":{"line":1,"column":null}}},"fnMap":{"0":{"name":"(anonymous_0)","decl":{"start":{"line":1,"column":0},"end":{"line":1,"column":null}},"loc":{"start":{"line":1,"column":0},"end":{"line":1,"column":null}}}},"branchMap":{"0":{"loc":{"start":{"line":1,"column":0},"end":{"line":1,"column":null}},"type":"if","locations":[{"start":{"line":1,"column":0},"end":{"line":1,"column":null}}]}},"s":{"0":0},"f":{"0":0},"b":{"0":[0]}}
,"/Users/A108572469/Documents/GitHub/eshop-vuejs.user04/frontend/src/views/Products.vue": {"path":"/Users/A108572469/Documents/GitHub/eshop-vuejs.user04/frontend/src/views/Products.vue","statementMap":{"0":{"start":{"line":1,"column":0},"end":{"line":1,"column":null}}},"fnMap":{"0":{"name":"(anonymous_0)","decl":{"start":{"line":1,"column":0},"end":{"line":1,"column":null}},"loc":{"start":{"line":1,"column":0},"end":{"line":1,"column":null}}}},"branchMap":{},"s":{"0":0},"f":{"0":0},"b":{}}
,"/Users/A108572469/Documents/GitHub/eshop-vuejs.user04/frontend/src/views/ThankYou.vue": {"path":"/Users/A108572469/Documents/GitHub/eshop-vuejs.user04/frontend/src/views/ThankYou.vue","statementMap":{"0":{"start":{"line":6,"column":0},"end":{"line":10,"column":null}},"1":{"start":{"line":1,"column":0},"end":{"line":1,"column":null}}},"fnMap":{"0":{"name":"(anonymous_0)","decl":{"start":{"line":1,"column":0},"end":{"line":1,"column":null}},"loc":{"start":{"line":1,"column":0},"end":{"line":1,"column":null}}}},"branchMap":{},"s":{"0":0,"1":0},"f":{"0":0},"b":{}}
}
